Flutter crash report.
Please report a bug at https://github.com/flutter/flutter/issues.

## command

flutter debug_adapter

## exception

RPCError: getIsolate: (-32603) Unexpected DWDS error for getIsolate: Bad state: No running isolate (inspector is not set).

```
#0      new _OutstandingRequest (package:vm_service/src/vm_service.dart:265:34)
#1      VmService._call.<anonymous closure> (package:vm_service/src/vm_service.dart:1921:25)
#2      VmService._call (package:vm_service/src/vm_service.dart:1933:8)
#3      VmService.getIsolate (package:vm_service/src/vm_service.dart:1009:7)
#4      IsolateManager._sendLibraryDebuggables (package:dds/src/dap/isolate_manager.dart:1034:35)
#5      IsolateManager._configureIsolate (package:dds/src/dap/isolate_manager.dart:555:9)
#6      IsolateManager.registerIsolate (package:dds/src/dap/isolate_manager.dart:246:13)
#7      IsolateManager.handleEvent (package:dds/src/dap/isolate_manager.dart:189:13)
#8      DartDebugAdapter.handleIsolateEvent (package:dds/src/dap/adapters/dart.dart:2488:26)
<asynchronous suspension>
#9      DartDebugAdapter._withErrorHandling (package:dds/src/dap/adapters/dart.dart:2819:14)
<asynchronous suspension>
```

## flutter doctor

```
[✓] Flutter (Channel master, 3.32.0-1.0.pre.127, on Ubuntu 20.04.6 LTS 5.15.0-136-generic, locale en_IN) [4.6s]
    • Flutter version 3.32.0-1.0.pre.127 on channel master at /home/bharat/snap/flutter/common/flutter
    • Upstream repository https://github.com/flutter/flutter.git
    • Framework revision fbed8a7194 (32 hours ago), 2025-04-17 12:58:38 +0200
    • Engine revision fbed8a7194
    • Dart version 3.9.0 (build 3.9.0-21.0.dev)
    • DevTools version 2.45.0

[✓] Android toolchain - develop for Android devices (Android SDK version 36.0.0) [5.4s]
    • Android SDK at /home/bharat/Android/Sdk
    • Emulator version 35.4.9.0 (build_id 13025442) (CL:N/A)
    • Platform android-36, build-tools 36.0.0
    • Java binary at: /snap/android-studio/189/jbr/bin/java
      This is the JDK bundled with the latest Android Studio installation on this machine.
      To manually set the JDK path, use: `flutter config --jdk-dir="path/to/jdk"`.
    • Java version OpenJDK Runtime Environment (build 21.0.5+-13047016-b750.29)
    • All Android licenses accepted.

[✓] Chrome - develop for the web [499ms]
    • Chrome at google-chrome

[✓] Linux toolchain - develop for Linux desktop [1,589ms]
    • clang version 10.0.0-4ubuntu1
    • cmake version 3.16.3
    • ninja version 1.10.0
    • pkg-config version 0.29.1
    ! Unable to access driver information using 'eglinfo'.
      It is likely available from your distribution (e.g.: apt install mesa-utils)

[✓] Android Studio (version 2024.3) [495ms]
    • Android Studio at /snap/android-studio/189
    • Flutter plugin version 85.2.3
    • Dart plugin version 243.23654.44
    • android-studio-dir = /snap/android-studio/189
    • Java version OpenJDK Runtime Environment (build 21.0.5+-13047016-b750.29)

[✓] IntelliJ IDEA Community Edition (version 2024.3) [241ms]
    • IntelliJ at /snap/intellij-idea-community/588
    • Flutter plugin version 85.2.3
    • Dart plugin version 243.23654.44

[✓] VS Code (version unknown) [12ms]
    • VS Code at /snap/code/current/usr/share/code
    • Flutter extension version 3.108.0
    ✗ Unable to determine VS Code version.

[✓] Connected device (3 available) [689ms]
    • V2036 (wireless) (mobile) • adb-962871025500147-aD0uGi._adb-tls-connect._tcp • android-arm64  • Android 13 (API 33)
    • Linux (desktop)           • linux                                            • linux-x64      • Ubuntu 20.04.6 LTS 5.15.0-136-generic
    • Chrome (web)              • chrome                                           • web-javascript • Google Chrome 134.0.6998.165

[✓] Network resources [633ms]
    • All expected network resources are available.

• No issues found!
```
